proguard/seeds.txt
com.pwc.ittraining.BaseActivity
com.pwc.ittraining.BaseActivity: java.lang.Boolean authenticationResult
com.pwc.ittraining.BaseActivity: com.pwc.ittraining.BaseActivity activityContext
com.pwc.ittraining.BaseActivity: BaseActivity()
com.pwc.ittraining.BaseActivity: void onCreate(android.os.Bundle)
com.pwc.ittraining.BaseActivity: void onDestroy()
com.pwc.ittraining.BaseActivity: void onResume()
com.pwc.ittraining.BaseActivity: boolean onFlingLeftToRight()
com.pwc.ittraining.BaseActivity: boolean isBlockFlingFinish()
com.pwc.ittraining.BaseActivity: boolean onKeyDown(int,android.view.KeyEvent)
com.pwc.ittraining.BuildConfig
com.pwc.ittraining.BuildConfig: boolean DEBUG
com.pwc.ittraining.BuildConfig: BuildConfig()
com.pwc.ittraining.CategoryAdapter
com.pwc.ittraining.CategoryAdapter: java.lang.String aString
com.pwc.ittraining.CategoryAdapter: int selectedID
com.pwc.ittraining.CategoryAdapter: CategoryAdapter(android.content.Context,java.util.List)
com.pwc.ittraining.CategoryAdapter: void refresh(java.util.List)
com.pwc.ittraining.CategoryAdapter: int getCount()
com.pwc.ittraining.CategoryAdapter: bean.NewsBean$NewsList$Category getItem(int)
com.pwc.ittraining.CategoryAdapter: long getItemId(int)
com.pwc.ittraining.CategoryAdapter: android.view.View getView(int,android.view.View,android.view.ViewGroup)
com.pwc.ittraining.CategoryAdapter: void setSelectedID(int)
com.pwc.ittraining.CategoryAdapter: java.lang.Object getItem(int)
com.pwc.ittraining.CommentsActivity
com.pwc.ittraining.CommentsActivity: CommentsActivity()
com.pwc.ittraining.CommentsActivity: void onCreate(android.os.Bundle)
com.pwc.ittraining.CommentsActivity: void onResume()
com.pwc.ittraining.CommentsActivity: boolean onCreateOptionsMenu(android.view.Menu)
com.pwc.ittraining.CommentsActivity$GetCommentsTask
com.pwc.ittraining.CommentsActivity$GetCommentsTask: CommentsActivity$GetCommentsTask(com.pwc.ittraining.CommentsActivity)
com.pwc.ittraining.CommentsActivity$GetCommentsTask: java.lang.String doInBackground(java.lang.String[])
com.pwc.ittraining.CommentsActivity$GetCommentsTask: void onPostExecute(java.lang.String)
com.pwc.ittraining.CommentsActivity$GetCommentsTask: void onPostExecute(java.lang.Object)
com.pwc.ittraining.CommentsActivity$GetCommentsTask: java.lang.Object doInBackground(java.lang.Object[])
com.pwc.ittraining.CommentsActivity$PostCommentTask
com.pwc.ittraining.CommentsActivity$PostCommentTask: CommentsActivity$PostCommentTask(com.pwc.ittraining.CommentsActivity)
com.pwc.ittraining.CommentsActivity$PostCommentTask: void onPreExecute()
com.pwc.ittraining.CommentsActivity$PostCommentTask: java.lang.String doInBackground(java.lang.String[])
com.pwc.ittraining.CommentsActivity$PostCommentTask: void onPostExecute(java.lang.String)
com.pwc.ittraining.CommentsActivity$PostCommentTask: void onPostExecute(java.lang.Object)
com.pwc.ittraining.CommentsActivity$PostCommentTask: java.lang.Object doInBackground(java.lang.Object[])
com.pwc.ittraining.CustomVideoView
com.pwc.ittraining.CustomVideoView: CustomVideoView(android.content.Context)
com.pwc.ittraining.CustomVideoView: CustomVideoView(android.content.Context,android.util.AttributeSet)
com.pwc.ittraining.CustomVideoView: CustomVideoView(android.content.Context,android.util.AttributeSet,int)
com.pwc.ittraining.CustomVideoView: void setDimensions(int,int)
com.pwc.ittraining.CustomVideoView: void onMeasure(int,int)
com.pwc.ittraining.DetailActivity
com.pwc.ittraining.DetailActivity: DetailActivity()
com.pwc.ittraining.DetailActivity: void onCreate(android.os.Bundle)
com.pwc.ittraining.DetailActivity: void onResume()
com.pwc.ittraining.DetailActivity: boolean onCreateOptionsMenu(android.view.Menu)
...
com.google.gson.JsonElement
com.google.gson.JsonElement: JsonElement()
com.google.gson.JsonElement: boolean isJsonArray()
com.google.gson.JsonElement: boolean isJsonObject()
com.google.gson.JsonElement: boolean isJsonPrimitive()
com.google.gson.JsonElement: boolean isJsonNull()
com.google.gson.JsonElement: com.google.gson.JsonObject getAsJsonObject()
com.google.gson.JsonElement: com.google.gson.JsonArray getAsJsonArray()
com.google.gson.JsonElement: com.google.gson.JsonPrimitive getAsJsonPrimitive()
com.google.gson.JsonElement: com.google.gson.JsonNull getAsJsonNull()
com.google.gson.JsonElement: boolean getAsBoolean()
com.google.gson.JsonElement: java.lang.Number getAsNumber()
com.google.gson.JsonElement: java.lang.String getAsString()
com.google.gson.JsonElement: double getAsDouble()
com.google.gson.JsonElement: float getAsFloat()
com.google.gson.JsonElement: long getAsLong()
com.google.gson.JsonElement: int getAsInt()
com.google.gson.JsonElement: byte getAsByte()
com.google.gson.JsonElement: char getAsCharacter()
com.google.gson.JsonElement: java.math.BigDecimal getAsBigDecimal()
com.google.gson.JsonElement: java.math.BigInteger getAsBigInteger()
com.google.gson.JsonElement: short getAsShort()
com.google.gson.JsonElement: java.lang.String toString()
com.google.gson.JsonIOException
com.google.gson.JsonIOException: long serialVersionUID
com.google.gson.JsonIOException: JsonIOException(java.lang.String)
com.google.gson.JsonIOException: JsonIOException(java.lang.String,java.lang.Throwable)
com.google.gson.JsonIOException: JsonIOException(java.lang.Throwable)
com.google.gson.JsonNull
com.google.gson.JsonNull: com.google.gson.JsonNull INSTANCE
com.google.gson.JsonNull: JsonNull()
com.google.gson.JsonNull: int hashCode()
com.google.gson.JsonNull: boolean equals(java.lang.Object)
com.google.gson.JsonObject
com.google.gson.JsonObject: JsonObject()
com.google.gson.JsonObject: void add(java.lang.String,com.google.gson.JsonElement)
com.google.gson.JsonObject: com.google.gson.JsonElement remove(java.lang.String)
com.google.gson.JsonObject: void addProperty(java.lang.String,java.lang.String)
com.google.gson.JsonObject: void addProperty(java.lang.String,java.lang.Number)
com.google.gson.JsonObject: void addProperty(java.lang.String,java.lang.Boolean)
com.google.gson.JsonObject: void addProperty(java.lang.String,java.lang.Character)
com.google.gson.JsonObject: java.util.Set entrySet()
com.google.gson.JsonObject: boolean has(java.lang.String)
com.google.gson.JsonObject: com.google.gson.JsonElement get(java.lang.String)
com.google.gson.JsonObject: com.google.gson.JsonPrimitive getAsJsonPrimitive(java.lang.String)
com.google.gson.JsonObject: com.google.gson.JsonArray getAsJsonArray(java.lang.String)
com.google.gson.JsonObject: com.google.gson.JsonObject getAsJsonObject(java.lang.String)
com.google.gson.JsonObject: boolean equals(java.lang.Object)
com.google.gson.JsonObject: int hashCode()
com.google.gson.JsonParseException
com.google.gson.JsonParseException: long serialVersionUID
com.google.gson.JsonParseException: JsonParseException(java.lang.String)
com.google.gson.JsonParseException: JsonParseException(java.lang.String,java.lang.Throwable)
com.google.gson.JsonParseException: JsonParseException(java.lang.Throwable)
com.google.gson.JsonParser
com.google.gson.JsonParser: JsonParser()
com.google.gson.JsonParser: com.google.gson.JsonElement parse(java.lang.String)
com.google.gson.JsonParser: com.google.gson.JsonElement parse(java.io.Reader)
com.google.gson.JsonParser: com.google.gson.JsonElement parse(com.google.gson.stream.JsonReader)