proguard/mapping.txt
com.pwc.ittraining.BaseActivity -> com.pwc.ittraining.BaseActivity:
    java.lang.Boolean authenticationResult -> authenticationResult
    com.pwc.ittraining.BaseActivity activityContext -> activityContext
    java.lang.Boolean isExit -> n
    20:25:void onCreate(android.os.Bundle) -> onCreate
    29:30:void onDestroy() -> onDestroy
    34:40:void onResume() -> onResume
    47:47:boolean onFlingLeftToRight() -> onFlingLeftToRight
    55:55:boolean isBlockFlingFinish() -> isBlockFlingFinish
    63:66:boolean onKeyDown(int,android.view.KeyEvent) -> onKeyDown
    75:91:void exitBy2Click() -> b
    72:72:void access$0(java.lang.Boolean) -> a
com.pwc.ittraining.BaseActivity$1 -> ls:
    com.pwc.ittraining.BaseActivity this$0 -> a
    83:84:void run() -> run
com.pwc.ittraining.BuildConfig -> com.pwc.ittraining.BuildConfig:
    boolean DEBUG -> DEBUG
com.pwc.ittraining.CategoryAdapter -> com.pwc.ittraining.CategoryAdapter:
    java.util.List data -> a
    android.content.Context context -> b
    java.lang.String aString -> aString
    int selectedID -> selectedID
    26:28:void refresh(java.util.List) -> refresh
    32:32:int getCount() -> getCount
    37:37:bean.NewsBean$NewsList$Category getItem(int) -> getItem
    42:42:long getItemId(int) -> getItemId
    48:81:android.view.View getView(int,android.view.View,android.view.ViewGroup) -> getView
    85:87:void setSelectedID(int) -> setSelectedID
    1:1:java.lang.Object getItem(int) -> getItem
com.pwc.ittraining.CategoryAdapter$ViewHolder -> lt:
    android.widget.TextView listTextView -> a
    android.view.View root -> b
    com.pwc.ittraining.CategoryAdapter this$0 -> c
com.pwc.ittraining.CommentsActivity -> com.pwc.ittraining.CommentsActivity:
    android.widget.ListView lvComments -> b
    android.widget.ProgressBar progress -> c
    android.widget.TextView tvComments -> d
    android.widget.EditText etComments -> e
    android.widget.Button btnPost -> f
    com.pwc.webmaster.security.Authenticate authenticate -> a
    java.lang.String userToken -> g
    java.lang.String trainingID -> h
    56:110:void onCreate(android.os.Bundle) -> onCreate
    114:116:void onResume() -> onResume
    119:122:void userAuthentication() -> a
    126:127:boolean onCreateOptionsMenu(android.view.Menu) -> onCreateOptionsMenu
    44:44:android.widget.ProgressBar access$0(com.pwc.ittraining.CommentsActivity) -> a
    50:50:java.lang.String access$1(com.pwc.ittraining.CommentsActivity) -> b
    52:52:java.lang.String access$2(com.pwc.ittraining.CommentsActivity) -> c
    46:46:android.widget.EditText access$3(com.pwc.ittraining.CommentsActivity) -> d
    45:45:android.widget.TextView access$4(com.pwc.ittraining.CommentsActivity) -> e
    43:43:android.widget.ListView access$5(com.pwc.ittraining.CommentsActivity) -> f
com.pwc.ittraining.CommentsActivity$1 -> lu:
    com.pwc.ittraining.CommentsActivity this$0 -> a
    70:71:void onClick(android.view.View) -> onClick
com.pwc.ittraining.CommentsActivity$2 -> lv:
    com.pwc.ittraining.CommentsActivity this$0 -> a
    94:101:void onClick(android.view.View) -> onClick
com.pwc.ittraining.CommentsActivity$GetCommentsTask -> com.pwc.ittraining.CommentsActivity$GetCommentsTask:
    com.pwc.ittraining.CommentsActivity this$0 -> a
    190:214:java.lang.String doInBackground(java.lang.String[]) -> doInBackground
    220:289:void onPostExecute(java.lang.String) -> onPostExecute
    293:300:java.lang.String getReader(android.util.JsonReader) -> a
    1:1:void onPostExecute(java.lang.Object) -> onPostExecute
    1:1:java.lang.Object doInBackground(java.lang.Object[]) -> doInBackground
...
android.support.v4.view.MenuItemCompat$HoneycombMenuVersionImpl -> dg:
    90:91:boolean setShowAsAction(android.view.MenuItem,int) -> a
    95:95:android.view.MenuItem setActionView(android.view.MenuItem,android.view.View) -> a
android.support.v4.view.MenuItemCompat$MenuVersionImpl -> dh:
    boolean setShowAsAction(android.view.MenuItem,int) -> a
    android.view.MenuItem setActionView(android.view.MenuItem,android.view.View) -> a
android.support.v4.view.MenuItemCompatHoneycomb -> di:
    27:28:void setShowAsAction(android.view.MenuItem,int) -> a
    31:31:android.view.MenuItem setActionView(android.view.MenuItem,android.view.View) -> a
android.support.v4.view.MotionEventCompat -> android.support.v4.view.MotionEventCompat:
    android.support.v4.view.MotionEventCompat$MotionEventVersionImpl IMPL -> a
    int ACTION_MASK -> ACTION_MASK
    int ACTION_POINTER_DOWN -> ACTION_POINTER_DOWN
    int ACTION_POINTER_UP -> ACTION_POINTER_UP
    int ACTION_HOVER_MOVE -> ACTION_HOVER_MOVE
    int ACTION_SCROLL -> ACTION_SCROLL
    int ACTION_POINTER_INDEX_MASK -> ACTION_POINTER_INDEX_MASK
    int ACTION_POINTER_INDEX_SHIFT -> ACTION_POINTER_INDEX_SHIFT
    int ACTION_HOVER_ENTER -> ACTION_HOVER_ENTER
    int ACTION_HOVER_EXIT -> ACTION_HOVER_EXIT
    183:183:int getActionMasked(android.view.MotionEvent) -> getActionMasked
    191:191:int getActionIndex(android.view.MotionEvent) -> getActionIndex
    201:201:int findPointerIndex(android.view.MotionEvent,int) -> findPointerIndex
    210:210:int getPointerId(android.view.MotionEvent,int) -> getPointerId
    219:219:float getX(android.view.MotionEvent,int) -> getX
    228:228:float getY(android.view.MotionEvent,int) -> getY
    236:236:int getPointerCount(android.view.MotionEvent) -> getPointerCount
android.support.v4.view.MotionEventCompat$BaseMotionEventVersionImpl -> dj:
    43:47:int findPointerIndex(android.view.MotionEvent,int) -> a
    51:55:int getPointerId(android.view.MotionEvent,int) -> b
    59:62:float getX(android.view.MotionEvent,int) -> c
    66:69:float getY(android.view.MotionEvent,int) -> d
    73:73:int getPointerCount(android.view.MotionEvent) -> a
android.support.v4.view.MotionEventCompat$EclairMotionEventVersionImpl -> dk:
    83:83:int findPointerIndex(android.view.MotionEvent,int) -> a
    87:87:int getPointerId(android.view.MotionEvent,int) -> b
    91:91:float getX(android.view.MotionEvent,int) -> c
    95:95:float getY(android.view.MotionEvent,int) -> d
    99:99:int getPointerCount(android.view.MotionEvent) -> a
android.support.v4.view.MotionEventCompat$MotionEventVersionImpl -> dl:
    int findPointerIndex(android.view.MotionEvent,int) -> a
    int getPointerId(android.view.MotionEvent,int) -> b
    float getX(android.view.MotionEvent,int) -> c
    float getY(android.view.MotionEvent,int) -> d
    int getPointerCount(android.view.MotionEvent) -> a
android.support.v4.view.MotionEventCompatEclair -> dm:
    26:26:int findPointerIndex(android.view.MotionEvent,int) -> a
    29:29:int getPointerId(android.view.MotionEvent,int) -> b
    32:32:float getX(android.view.MotionEvent,int) -> c
    35:35:float getY(android.view.MotionEvent,int) -> d
    38:38:int getPointerCount(android.view.MotionEvent) -> a