proguard/usage.txt
com.pwc.ittraining.NewsActivity:
    static com.pwc.webmaster.security.Authenticate authenticate
com.pwc.ittraining.common.Compat:
    private static final int SIXTY_FPS_INTERVAL
com.pwc.ittraining.common.CustomViewAbove:
    private static final java.lang.String TAG
    private static final boolean DEBUG
    private static final boolean USE_CACHE
    private static final int MAX_SETTLE_DURATION
    private static final int MIN_DISTANCE_FOR_FLING
    private static final int INVALID_POINTER
    401:402:void smoothScrollTo(int,int)
com.pwc.ittraining.common.CustomViewBehind:
    private static final java.lang.String TAG
    private static final int MARGIN_THRESHOLD
com.pwc.ittraining.common.JsonUtility:
    44:54:private int indexOf(java.lang.String,java.lang.String,int)
    58:58:private int indexOf(java.lang.StringBuilder,java.lang.String,int)
    81:90:private void replace(java.lang.String,java.lang.String,int,int)
com.pwc.ittraining.common.PhotoViewAttacher:
    static final java.lang.String LOG_TAG
    static final int EDGE_NONE
    static final int EDGE_LEFT
    static final int EDGE_RIGHT
    static final int EDGE_BOTH
com.pwc.ittraining.common.PhotoViewAttacher$AnimatedZoomRunnable:
    static final float ANIMATION_SCALE_PER_ITERATION_IN
    static final float ANIMATION_SCALE_PER_ITERATION_OUT
com.pwc.ittraining.common.SlidingMenu:
    private static final java.lang.String TAG
com.pwc.ittraining.common.SlidingMenu$1:
    public static final int POSITION_OPEN
    public static final int POSITION_CLOSE
com.pwc.ittraining.common.SqliteHelper:
    private static android.content.Context _context
    private static final int DBVersion
    private static java.lang.String DBName
    private static java.lang.String pwd
com.pwc.ittraining.common.VersionedGestureDetector:
    static final java.lang.String LOG_TAG
com.pwc.ittraining.common.VersionedGestureDetector$EclairDetector:
    private static final int INVALID_POINTER_ID
...
com.nostra13.universalimageloader.cache.disc.impl.TotalSizeLimitedDiscCache:
    private static final int MIN_NORMAL_CACHE_SIZE_IN_MB
    private static final int MIN_NORMAL_CACHE_SIZE
com.nostra13.universalimageloader.cache.disc.naming.Md5FileNameGenerator:
    private static final java.lang.String HASH_ALGORITHM
    private static final int RADIX
com.nostra13.universalimageloader.cache.memory.LimitedMemoryCache:
    private static final int MAX_NORMAL_CACHE_SIZE_IN_MB
    private static final int MAX_NORMAL_CACHE_SIZE
com.nostra13.universalimageloader.cache.memory.impl.LRULimitedMemoryCache:
    private static final int INITIAL_CAPACITY
    private static final float LOAD_FACTOR
com.nostra13.universalimageloader.core.DisplayBitmapTask:
    private static final java.lang.String LOG_DISPLAY_IMAGE_IN_IMAGEVIEW
    private static final java.lang.String LOG_TASK_CANCELLED
com.nostra13.universalimageloader.core.ImageLoader:
    static final java.lang.String LOG_INIT_CONFIG
    static final java.lang.String LOG_DESTROY
    static final java.lang.String LOG_LOAD_IMAGE_FROM_MEMORY_CACHE
    private static final java.lang.String WARNING_RE_INIT_CONFIG
    private static final java.lang.String ERROR_WRONG_ARGUMENTS
    private static final java.lang.String ERROR_NOT_INIT
    private static final java.lang.String ERROR_INIT_CONFIG_WITH_NULL
com.nostra13.universalimageloader.core.ImageLoaderConfiguration$Builder:
    private static final java.lang.String WARNING_OVERLAP_DISC_CACHE_PARAMS
    private static final java.lang.String WARNING_OVERLAP_DISC_CACHE_NAME_GENERATOR
    private static final java.lang.String WARNING_OVERLAP_MEMORY_CACHE
    private static final java.lang.String WARNING_OVERLAP_EXECUTOR
com.nostra13.universalimageloader.core.LoadAndDisplayImageTask:
    private static final java.lang.String LOG_WAITING_FOR_RESUME
    private static final java.lang.String LOG_RESUME_AFTER_PAUSE
    private static final java.lang.String LOG_DELAY_BEFORE_LOADING
    private static final java.lang.String LOG_START_DISPLAY_IMAGE_TASK
    private static final java.lang.String LOG_WAITING_FOR_IMAGE_LOADED
    private static final java.lang.String LOG_GET_IMAGE_FROM_MEMORY_CACHE_AFTER_WAITING
    private static final java.lang.String LOG_LOAD_IMAGE_FROM_NETWORK
    private static final java.lang.String LOG_LOAD_IMAGE_FROM_DISC_CACHE
    private static final java.lang.String LOG_PREPROCESS_IMAGE
    private static final java.lang.String LOG_POSTPROCESS_IMAGE
    private static final java.lang.String LOG_CACHE_IMAGE_IN_MEMORY
    private static final java.lang.String LOG_CACHE_IMAGE_ON_DISC
    private static final java.lang.String LOG_TASK_CANCELLED
    private static final java.lang.String LOG_TASK_INTERRUPTED
    private static final java.lang.String WARNING_PRE_PROCESSOR_NULL
    private static final java.lang.String WARNING_POST_PROCESSOR_NULL
    private static final int BUFFER_SIZE
com.nostra13.universalimageloader.core.ProcessAndDisplayImageTask:
    private static final java.lang.String LOG_POSTPROCESS_IMAGE
com.nostra13.universalimageloader.core.assist.ImageSize:
    private static final java.lang.String SEPARATOR
com.nostra13.universalimageloader.core.assist.MemoryCacheUtil:
    private static final java.lang.String URI_AND_SIZE_SEPARATOR
    private static final java.lang.String WIDTH_AND_HEIGHT_SEPARATOR
com.nostra13.universalimageloader.core.download.BaseImageDownloader:
    private static final int MAX_REDIRECT_COUNT
    private static final java.lang.String ERROR_UNSUPPORTED_SCHEME
com.nostra13.universalimageloader.utils.IoUtils:
    private static final int BUFFER_SIZE
com.nostra13.universalimageloader.utils.L:
    private static final java.lang.String LOG_FORMAT
com.nostra13.universalimageloader.utils.StorageUtils:
    private static final java.lang.String INDIVIDUAL_DIR_NAME